


[2025-09-18] - Thursday, September 18, 2025
WakaTime: 2h 39m
GitHub: 13 contributions (12 commits, 0 PRs, 0 issues, 0 reviews, 1 repos)

---





















[2025-09-19] - Friday, September 19, 2025
WakaTime: 1h 36m
GitHub: 5 contributions (5 commits, 0 PRs, 0 issues, 0 reviews, 0 repos)

---























[2025-09-20] - Saturday, September 20, 2025
WakaTime: 2h 27m
GitHub: 0 contributions (0 commits, 0 PRs, 0 issues, 0 reviews, 0 repos)

---






















[2025-09-21] - Sunday, September 21, 2025
WakaTime: 2h 14m
GitHub: 0 contributions (0 commits, 0 PRs, 0 issues, 0 reviews, 0 repos)

---






















[2025-09-22] - Monday, September 22, 2025
WakaTime: 1h 40m
GitHub: 276 contributions (276 commits, 0 PRs, 0 issues, 0 reviews, 0 repos)

---























[2025-09-23] - Tuesday, September 23, 2025
WakaTime: 0h 0m
GitHub: 22 contributions (22 commits, 0 PRs, 0 issues, 0 reviews, 0 repos)

---






















[2025-09-24] - Wednesday, September 24, 2025
WakaTime: 0h 53m
GitHub: 22 contributions (22 commits, 0 PRs, 0 issues, 0 reviews, 0 repos)

---






















[2025-09-25] - Thursday, September 25, 2025
WakaTime: 2h 21m
GitHub: 27 contributions (26 commits, 0 PRs, 0 issues, 0 reviews, 1 repos)

---






















[2025-09-26] - Friday, September 26, 2025
WakaTime: 2h 36m
GitHub: 30 contributions (30 commits, 0 PRs, 0 issues, 0 reviews, 0 repos)

---























[2025-09-27] - Saturday, September 27, 2025
WakaTime: 0h 5m
GitHub: 22 contributions (22 commits, 0 PRs, 0 issues, 0 reviews, 0 repos)

---






















[2025-09-28] - Sunday, September 28, 2025
WakaTime: 0h 0m
GitHub: 21 contributions (21 commits, 0 PRs, 0 issues, 0 reviews, 0 repos)

---






















[2025-09-29] - Monday, September 29, 2025
WakaTime: 0h 0m
GitHub: 21 contributions (21 commits, 0 PRs, 0 issues, 0 reviews, 0 repos)

---























[2025-09-30] - Tuesday, September 30, 2025
WakaTime: 1h 24m
GitHub: 22 contributions (22 commits, 0 PRs, 0 issues, 0 reviews, 0 repos)

---






















[2025-10-01] - Wednesday, October 01, 2025
WakaTime: 2h 25m
GitHub: 24 contributions (24 commits, 0 PRs, 0 issues, 0 reviews, 0 repos)

---























[2025-10-02] - Thursday, October 02, 2025
WakaTime: 2h 53m
GitHub: 24 contributions (24 commits, 0 PRs, 0 issues, 0 reviews, 0 repos)

---























[2025-10-03] - Friday, October 03, 2025
WakaTime: 0h 0m
GitHub: 22 contributions (22 commits, 0 PRs, 0 issues, 0 reviews, 0 repos)

---























[2025-10-04] - Saturday, October 04, 2025
WakaTime: 1h 4m
GitHub: 22 contributions (22 commits, 0 PRs, 0 issues, 0 reviews, 0 repos)

---






















[2025-10-05] - Sunday, October 05, 2025
WakaTime: 2h 2m
GitHub: 21 contributions (21 commits, 0 PRs, 0 issues, 0 reviews, 0 repos)

---






















[2025-10-06] - Monday, October 06, 2025
WakaTime: 2h 50m
GitHub: 21 contributions (21 commits, 0 PRs, 0 issues, 0 reviews, 0 repos)

---























[2025-10-07] - Tuesday, October 07, 2025
WakaTime: 4h 4m
GitHub: 22 contributions (22 commits, 0 PRs, 0 issues, 0 reviews, 0 repos)

---























[2025-10-08] - Wednesday, October 08, 2025
WakaTime: 1h 10m
GitHub: 22 contributions (22 commits, 0 PRs, 0 issues, 0 reviews, 0 repos)

---






















[2025-10-09] - Thursday, October 09, 2025
WakaTime: 2h 29m
GitHub: 21 contributions (21 commits, 0 PRs, 0 issues, 0 reviews, 0 repos)

---






















[2025-10-10] - Friday, October 10, 2025
WakaTime: 2h 25m
GitHub: 21 contributions (21 commits, 0 PRs, 0 issues, 0 reviews, 0 repos)

---























[2025-10-11] - Saturday, October 11, 2025
WakaTime: 0h 8m
GitHub: 22 contributions (22 commits, 0 PRs, 0 issues, 0 reviews, 0 repos)

---






















[2025-10-12] - Sunday, October 12, 2025
WakaTime: 3h 11m
GitHub: 21 contributions (21 commits, 0 PRs, 0 issues, 0 reviews, 0 repos)

---






















[2025-10-13] - Monday, October 13, 2025
WakaTime: 4h 11m
GitHub: 21 contributions (21 commits, 0 PRs, 0 issues, 0 reviews, 0 repos)

---






















[2025-10-14] - Tuesday, October 14, 2025
WakaTime: 0h 8m
GitHub: 21 contributions (21 commits, 0 PRs, 0 issues, 0 reviews, 0 repos)

---

[2025-10-15] - Wednesday, October 15, 2025
WakaTime: 0h 0m
GitHub: 0 contributions (0 commits, 0 PRs, 0 issues, 0 reviews, 0 repos)

---
